<?xml version="1.0" encoding="UTF-8"?>
<testng-results skipped="0" failed="0" total="3" passed="3">
  <reporter-output>
  </reporter-output>
  <suite name="FireflyAutomation" duration-ms="27" started-at="2013-11-24T06:16:56Z" finished-at="2013-11-24T06:16:56Z">
    <groups>
    </groups>
    <test name="Practice2" duration-ms="27" started-at="2013-11-24T06:16:56Z" finished-at="2013-11-24T06:16:56Z">
      <class name="practiceone.Practice1OnTestng">
        <test-method status="PASS" signature="beforeClass()[pri:0, instance:practiceone.Practice1OnTestng@967e8c]" name="beforeClass" is-config="true" duration-ms="0" started-at="2013-11-24T14:16:56Z" finished-at="2013-11-24T14:16:56Z">
          <reporter-output>
          </reporter-output>
        </test-method> <!-- beforeClass -->
        <test-method status="PASS" signature="beforeMethod()[pri:0, instance:practiceone.Practice1OnTestng@967e8c]" name="beforeMethod" is-config="true" duration-ms="1" started-at="2013-11-24T14:16:56Z" finished-at="2013-11-24T14:16:56Z">
          <reporter-output>
          </reporter-output>
        </test-method> <!-- beforeMethod -->
        <test-method status="PASS" signature="aFastTest()[pri:0, instance:practiceone.Practice1OnTestng@967e8c]" name="aFastTest" duration-ms="1" started-at="2013-11-24T14:16:56Z" finished-at="2013-11-24T14:16:56Z">
          <reporter-output>
          </reporter-output>
        </test-method> <!-- aFastTest -->
        <test-method status="PASS" signature="afterMethod()[pri:0, instance:practiceone.Practice1OnTestng@967e8c]" name="afterMethod" is-config="true" duration-ms="1" started-at="2013-11-24T14:16:56Z" finished-at="2013-11-24T14:16:56Z">
          <reporter-output>
          </reporter-output>
        </test-method> <!-- afterMethod -->
        <test-method status="PASS" signature="afterClass()[pri:0, instance:practiceone.Practice1OnTestng@967e8c]" name="afterClass" is-config="true" duration-ms="0" started-at="2013-11-24T14:16:56Z" finished-at="2013-11-24T14:16:56Z">
          <reporter-output>
          </reporter-output>
        </test-method> <!-- afterClass -->
      </class> <!-- practiceone.Practice1OnTestng -->
      <class name="practiceone.Practice2OnTestng">
        <test-method status="PASS" signature="beforeClass()[pri:0, instance:practiceone.Practice2OnTestng@641f89e1]" name="beforeClass" is-config="true" duration-ms="0" started-at="2013-11-24T14:16:56Z" finished-at="2013-11-24T14:16:56Z">
          <reporter-output>
          </reporter-output>
        </test-method> <!-- beforeClass -->
        <test-method status="PASS" signature="beforeMethod()[pri:0, instance:practiceone.Practice2OnTestng@641f89e1]" name="beforeMethod" is-config="true" duration-ms="0" started-at="2013-11-24T14:16:56Z" finished-at="2013-11-24T14:16:56Z">
          <reporter-output>
          </reporter-output>
        </test-method> <!-- beforeMethod -->
        <test-method status="PASS" signature="bSlowTest()[pri:0, instance:practiceone.Practice2OnTestng@641f89e1]" name="bSlowTest" duration-ms="6" started-at="2013-11-24T14:16:56Z" finished-at="2013-11-24T14:16:56Z">
          <reporter-output>
          </reporter-output>
        </test-method> <!-- bSlowTest -->
        <test-method status="PASS" signature="afterMethod()[pri:0, instance:practiceone.Practice2OnTestng@641f89e1]" name="afterMethod" is-config="true" duration-ms="1" started-at="2013-11-24T14:16:56Z" finished-at="2013-11-24T14:16:56Z">
          <reporter-output>
          </reporter-output>
        </test-method> <!-- afterMethod -->
        <test-method status="PASS" signature="afterClass()[pri:0, instance:practiceone.Practice2OnTestng@641f89e1]" name="afterClass" is-config="true" duration-ms="0" started-at="2013-11-24T14:16:56Z" finished-at="2013-11-24T14:16:56Z">
          <reporter-output>
          </reporter-output>
        </test-method> <!-- afterClass -->
      </class> <!-- practiceone.Practice2OnTestng -->
      <class name="practiceone.PracticeBase">
        <test-method status="PASS" signature="beforeSuite()[pri:0, instance:practiceone.PracticeBase@6ce9ef0a]" name="beforeSuite" is-config="true" duration-ms="9" started-at="2013-11-24T14:16:56Z" finished-at="2013-11-24T14:16:56Z">
          <reporter-output>
          </reporter-output>
        </test-method> <!-- beforeSuite -->
        <test-method status="PASS" signature="beforeTest()[pri:0, instance:practiceone.PracticeBase@6ce9ef0a]" name="beforeTest" is-config="true" duration-ms="0" started-at="2013-11-24T14:16:56Z" finished-at="2013-11-24T14:16:56Z">
          <reporter-output>
          </reporter-output>
        </test-method> <!-- beforeTest -->
        <test-method status="PASS" signature="runAll()[pri:0, instance:practiceone.PracticeBase@6ce9ef0a]" name="runAll" duration-ms="1" started-at="2013-11-24T14:16:56Z" finished-at="2013-11-24T14:16:56Z">
          <reporter-output>
          </reporter-output>
        </test-method> <!-- runAll -->
        <test-method status="PASS" signature="afterTest()[pri:0, instance:practiceone.PracticeBase@6ce9ef0a]" name="afterTest" is-config="true" duration-ms="1" started-at="2013-11-24T14:16:56Z" finished-at="2013-11-24T14:16:56Z">
          <reporter-output>
          </reporter-output>
        </test-method> <!-- afterTest -->
        <test-method status="PASS" signature="afterSuite()[pri:0, instance:practiceone.PracticeBase@6ce9ef0a]" name="afterSuite" is-config="true" duration-ms="1" started-at="2013-11-24T14:16:56Z" finished-at="2013-11-24T14:16:56Z">
          <reporter-output>
          </reporter-output>
        </test-method> <!-- afterSuite -->
      </class> <!-- practiceone.PracticeBase -->
    </test> <!-- Practice2 -->
  </suite> <!-- FireflyAutomation -->
</testng-results>
